<?xml version="1.0" encoding="UTF-8"?>
<!-- Generated by org.testng.reporters.JUnitReportReporter -->
<testsuite hostname="D572R1G2" failures="0" tests="71" name="Automation.IAQ.dataCalls.PC_DataCall" time="4785.264" errors="0" timestamp="26 Dec 2018 21:08:24 GMT" skipped="0">
  <testcase classname="Automation.IAQ.dataCalls.PC_DataCall" name="RunPC_DataCall" time="52.708"/>
  <testcase classname="Automation.IAQ.dataCalls.PC_DataCall" name="RunPC_DataCall" time="50.956"/>
  <testcase classname="Automation.IAQ.dataCalls.PC_DataCall" name="RunPC_DataCall" time="94.530"/>
  <testcase classname="Automation.IAQ.dataCalls.PC_DataCall" name="RunPC_DataCall" time="94.811"/>
  <testcase classname="Automation.IAQ.dataCalls.PC_DataCall" name="RunPC_DataCall" time="51.786"/>
  <testcase classname="Automation.IAQ.dataCalls.PC_DataCall" name="RunPC_DataCall" time="101.119"/>
  <testcase classname="Automation.IAQ.dataCalls.PC_DataCall" name="RunPC_DataCall" time="90.160"/>
  <testcase classname="Automation.IAQ.dataCalls.PC_DataCall" name="RunPC_DataCall" time="53.771"/>
  <testcase classname="Automation.IAQ.dataCalls.PC_DataCall" name="RunPC_DataCall" time="93.196"/>
  <testcase classname="Automation.IAQ.dataCalls.PC_DataCall" name="RunPC_DataCall" time="90.430"/>
  <testcase classname="Automation.IAQ.dataCalls.PC_DataCall" name="RunPC_DataCall" time="50.605"/>
  <testcase classname="Automation.IAQ.dataCalls.PC_DataCall" name="RunPC_DataCall" time="92.346"/>
  <testcase classname="Automation.IAQ.dataCalls.PC_DataCall" name="RunPC_DataCall" time="51.697"/>
  <testcase classname="Automation.IAQ.dataCalls.PC_DataCall" name="RunPC_DataCall" time="87.012"/>
  <testcase classname="Automation.IAQ.dataCalls.PC_DataCall" name="RunPC_DataCall" time="94.364"/>
  <testcase classname="Automation.IAQ.dataCalls.PC_DataCall" name="RunPC_DataCall" time="51.855"/>
  <testcase classname="Automation.IAQ.dataCalls.PC_DataCall" name="RunPC_DataCall" time="53.615"/>
  <testcase classname="Automation.IAQ.dataCalls.PC_DataCall" name="RunPC_DataCall" time="49.936"/>
  <testcase classname="Automation.IAQ.dataCalls.PC_DataCall" name="RunPC_DataCall" time="49.578"/>
  <testcase classname="Automation.IAQ.dataCalls.PC_DataCall" name="RunPC_DataCall" time="47.922"/>
  <testcase classname="Automation.IAQ.dataCalls.PC_DataCall" name="RunPC_DataCall" time="47.532"/>
  <testcase classname="Automation.IAQ.dataCalls.PC_DataCall" name="RunPC_DataCall" time="94.341"/>
  <testcase classname="Automation.IAQ.dataCalls.PC_DataCall" name="RunPC_DataCall" time="53.119"/>
  <testcase classname="Automation.IAQ.dataCalls.PC_DataCall" name="RunPC_DataCall" time="90.497"/>
  <testcase classname="Automation.IAQ.dataCalls.PC_DataCall" name="RunPC_DataCall" time="56.247"/>
  <testcase classname="Automation.IAQ.dataCalls.PC_DataCall" name="RunPC_DataCall" time="52.272"/>
  <testcase classname="Automation.IAQ.dataCalls.PC_DataCall" name="RunPC_DataCall" time="54.563"/>
  <testcase classname="Automation.IAQ.dataCalls.PC_DataCall" name="RunPC_DataCall" time="94.893"/>
  <testcase classname="Automation.IAQ.dataCalls.PC_DataCall" name="RunPC_DataCall" time="45.052"/>
  <testcase classname="Automation.IAQ.dataCalls.PC_DataCall" name="RunPC_DataCall" time="86.476"/>
  <testcase classname="Automation.IAQ.dataCalls.PC_DataCall" name="RunPC_DataCall" time="47.434"/>
  <testcase classname="Automation.IAQ.dataCalls.PC_DataCall" name="RunPC_DataCall" time="49.512"/>
  <testcase classname="Automation.IAQ.dataCalls.PC_DataCall" name="RunPC_DataCall" time="53.237"/>
  <testcase classname="Automation.IAQ.dataCalls.PC_DataCall" name="RunPC_DataCall" time="53.546"/>
  <testcase classname="Automation.IAQ.dataCalls.PC_DataCall" name="RunPC_DataCall" time="88.548"/>
  <testcase classname="Automation.IAQ.dataCalls.PC_DataCall" name="RunPC_DataCall" time="53.334"/>
  <testcase classname="Automation.IAQ.dataCalls.PC_DataCall" name="RunPC_DataCall" time="88.387"/>
  <testcase classname="Automation.IAQ.dataCalls.PC_DataCall" name="RunPC_DataCall" time="39.554"/>
  <testcase classname="Automation.IAQ.dataCalls.PC_DataCall" name="RunPC_DataCall" time="50.041"/>
  <testcase classname="Automation.IAQ.dataCalls.PC_DataCall" name="RunPC_DataCall" time="83.991"/>
  <testcase classname="Automation.IAQ.dataCalls.PC_DataCall" name="RunPC_DataCall" time="89.095"/>
  <testcase classname="Automation.IAQ.dataCalls.PC_DataCall" name="RunPC_DataCall" time="94.837"/>
  <testcase classname="Automation.IAQ.dataCalls.PC_DataCall" name="RunPC_DataCall" time="96.263"/>
  <testcase classname="Automation.IAQ.dataCalls.PC_DataCall" name="RunPC_DataCall" time="82.276"/>
  <testcase classname="Automation.IAQ.dataCalls.PC_DataCall" name="RunPC_DataCall" time="53.194"/>
  <testcase classname="Automation.IAQ.dataCalls.PC_DataCall" name="RunPC_DataCall" time="88.227"/>
  <testcase classname="Automation.IAQ.dataCalls.PC_DataCall" name="RunPC_DataCall" time="41.544"/>
  <testcase classname="Automation.IAQ.dataCalls.PC_DataCall" name="RunPC_DataCall" time="49.645"/>
  <testcase classname="Automation.IAQ.dataCalls.PC_DataCall" name="RunPC_DataCall" time="52.935"/>
  <testcase classname="Automation.IAQ.dataCalls.PC_DataCall" name="RunPC_DataCall" time="98.148"/>
  <testcase classname="Automation.IAQ.dataCalls.PC_DataCall" name="RunPC_DataCall" time="53.997"/>
  <testcase classname="Automation.IAQ.dataCalls.PC_DataCall" name="RunPC_DataCall" time="47.704"/>
  <testcase classname="Automation.IAQ.dataCalls.PC_DataCall" name="RunPC_DataCall" time="50.081"/>
  <testcase classname="Automation.IAQ.dataCalls.PC_DataCall" name="RunPC_DataCall" time="52.470"/>
  <testcase classname="Automation.IAQ.dataCalls.PC_DataCall" name="RunPC_DataCall" time="51.262"/>
  <testcase classname="Automation.IAQ.dataCalls.PC_DataCall" name="RunPC_DataCall" time="46.977"/>
  <testcase classname="Automation.IAQ.dataCalls.PC_DataCall" name="RunPC_DataCall" time="42.892"/>
  <testcase classname="Automation.IAQ.dataCalls.PC_DataCall" name="RunPC_DataCall" time="89.097"/>
  <testcase classname="Automation.IAQ.dataCalls.PC_DataCall" name="RunPC_DataCall" time="46.431"/>
  <testcase classname="Automation.IAQ.dataCalls.PC_DataCall" name="RunPC_DataCall" time="94.001"/>
  <testcase classname="Automation.IAQ.dataCalls.PC_DataCall" name="RunPC_DataCall" time="52.475"/>
  <testcase classname="Automation.IAQ.dataCalls.PC_DataCall" name="RunPC_DataCall" time="98.034"/>
  <testcase classname="Automation.IAQ.dataCalls.PC_DataCall" name="RunPC_DataCall" time="92.719"/>
  <testcase classname="Automation.IAQ.dataCalls.PC_DataCall" name="RunPC_DataCall" time="51.089"/>
  <testcase classname="Automation.IAQ.dataCalls.PC_DataCall" name="RunPC_DataCall" time="56.111"/>
  <testcase classname="Automation.IAQ.dataCalls.PC_DataCall" name="RunPC_DataCall" time="46.600"/>
  <testcase classname="Automation.IAQ.dataCalls.PC_DataCall" name="RunPC_DataCall" time="46.710"/>
  <testcase classname="Automation.IAQ.dataCalls.PC_DataCall" name="RunPC_DataCall" time="98.757"/>
  <testcase classname="Automation.IAQ.dataCalls.PC_DataCall" name="RunPC_DataCall" time="49.968"/>
  <testcase classname="Automation.IAQ.dataCalls.PC_DataCall" name="RunPC_DataCall" time="94.220"/>
  <testcase classname="Automation.IAQ.dataCalls.PC_DataCall" name="RunPC_DataCall" time="92.532"/>
</testsuite> <!-- Automation.IAQ.dataCalls.PC_DataCall -->
