<?xml version="1.0" encoding="UTF-8"?>
<!-- Generated by org.testng.reporters.JUnitReportReporter -->
<testsuite hostname="D572R1G2" failures="0" tests="5" name="Automation.IAQ.Rates.TX.Rates_HO3" time="1553.418" errors="0" timestamp="25 Jan 2019 20:04:45 GMT" skipped="0">
  <testcase classname="Automation.IAQ.Rates.TX.Rates_HO3" name="RunRates_HO3" time="344.084"/>
  <testcase classname="Automation.IAQ.Rates.TX.Rates_HO3" name="RunRates_HO3" time="311.809"/>
  <testcase classname="Automation.IAQ.Rates.TX.Rates_HO3" name="RunRates_HO3" time="327.439"/>
  <testcase classname="Automation.IAQ.Rates.TX.Rates_HO3" name="RunRates_HO3" time="211.114"/>
  <testcase classname="Automation.IAQ.Rates.TX.Rates_HO3" name="RunRates_HO3" time="358.972"/>
</testsuite> <!-- Automation.IAQ.Rates.TX.Rates_HO3 -->
