<?xml version="1.0" encoding="UTF-8"?>
<!-- Generated by org.testng.reporters.JUnitReportReporter -->
<testsuite skipped="0" hostname="D572R1G2" name="Automation.IAQ.Regression.DataCalls.DP_DataCall" tests="6" failures="0" timestamp="04 Feb 2019 17:18:30 GMT" time="408.978" errors="0">
  <testcase name="RunDP_DataCall" time="67.402" classname="Automation.IAQ.Regression.DataCalls.DP_DataCall"/>
  <testcase name="RunDP_DataCall" time="66.314" classname="Automation.IAQ.Regression.DataCalls.DP_DataCall"/>
  <testcase name="RunDP_DataCall" time="63.874" classname="Automation.IAQ.Regression.DataCalls.DP_DataCall"/>
  <testcase name="RunDP_DataCall" time="73.998" classname="Automation.IAQ.Regression.DataCalls.DP_DataCall"/>
  <testcase name="RunDP_DataCall" time="67.570" classname="Automation.IAQ.Regression.DataCalls.DP_DataCall"/>
  <testcase name="RunDP_DataCall" time="69.820" classname="Automation.IAQ.Regression.DataCalls.DP_DataCall"/>
</testsuite> <!-- Automation.IAQ.Regression.DataCalls.DP_DataCall -->
