<?xml version="1.0" encoding="UTF-8"?>
<!-- Generated by org.testng.reporters.JUnitReportReporter -->
<testsuite hostname="BWCDPH2" failures="0" tests="1" name="Automation.Claims.Claims_Cat_Recode_RunTest" time="6.491" errors="0" timestamp="27 Apr 2018 19:39:43 GMT" skipped="0">
  <testcase classname="Automation.Claims.Claims_Cat_Recode_RunTest" name="RunClaims_Contact_Assist" time="6.491"/>
</testsuite> <!-- Automation.Claims.Claims_Cat_Recode_RunTest -->
