<?xml version="1.0" encoding="UTF-8"?>
<!-- Generated by org.testng.reporters.JUnitReportReporter -->
<testsuite hostname="D572R1G2" failures="0" tests="1" name="Automation.IAQ.Rates.MO.Rates_HO3" time="257.471" errors="0" timestamp="03 Oct 2018 19:00:01 GMT" skipped="0">
  <testcase classname="Automation.IAQ.Rates.MO.Rates_HO3" name="RunRates_HO3" time="257.471"/>
</testsuite> <!-- Automation.IAQ.Rates.MO.Rates_HO3 -->
