<?xml version="1.0" encoding="UTF-8"?>
<!-- Generated by org.testng.reporters.JUnitReportReporter -->
<testsuite skipped="0" hostname="D572R1G2" name="Automation.IAQ.Testing.Rates.KS.Rates_HO6" tests="1" failures="0" timestamp="15 Mar 2019 18:55:55 GMT" time="263.693" errors="0">
  <testcase name="RunRates_HO6" time="263.693" classname="Automation.IAQ.Testing.Rates.KS.Rates_HO6"/>
</testsuite> <!-- Automation.IAQ.Testing.Rates.KS.Rates_HO6 -->
