<?xml version="1.0" encoding="UTF-8"?>
<!-- Generated by org.testng.reporters.JUnitReportReporter -->
<testsuite hostname="D572R1G2" failures="0" tests="1" name="Automation.IAQ.Rates.IA.Rates_HO4_PGR" time="146.518" errors="0" timestamp="15 Nov 2018 16:30:35 GMT" skipped="0">
  <testcase classname="Automation.IAQ.Rates.IA.Rates_HO4_PGR" name="RunRates_HO4_PGR" time="146.518"/>
</testsuite> <!-- Automation.IAQ.Rates.IA.Rates_HO4_PGR -->
