<?xml version="1.0" encoding="UTF-8"?>
<!-- Generated by org.testng.reporters.JUnitReportReporter -->
<testsuite hostname="D572R1G2" failures="0" tests="2" name="Automation.IAQ.Rates.IA.Rates_HO3" time="540.327" errors="0" timestamp="01 Nov 2018 19:56:50 GMT" skipped="0">
  <testcase classname="Automation.IAQ.Rates.IA.Rates_HO3" name="RunRates_HO3" time="277.706"/>
  <testcase classname="Automation.IAQ.Rates.IA.Rates_HO3" name="RunRates_HO3" time="262.621"/>
</testsuite> <!-- Automation.IAQ.Rates.IA.Rates_HO3 -->
