<?xml version="1.0" encoding="UTF-8"?>
<!-- Generated by org.testng.reporters.JUnitReportReporter -->
<testsuite skipped="0" hostname="D572R1G2" name="Automation.IAQ.Testing.Rates.TN.Rates_HO3" tests="7" failures="0" timestamp="18 Mar 2019 14:20:17 GMT" time="2566.200" errors="0">
  <testcase name="RunRates_HO3" time="371.603" classname="Automation.IAQ.Testing.Rates.TN.Rates_HO3"/>
  <testcase name="RunRates_HO3" time="353.294" classname="Automation.IAQ.Testing.Rates.TN.Rates_HO3"/>
  <testcase name="RunRates_HO3" time="368.719" classname="Automation.IAQ.Testing.Rates.TN.Rates_HO3"/>
  <testcase name="RunRates_HO3" time="351.431" classname="Automation.IAQ.Testing.Rates.TN.Rates_HO3"/>
  <testcase name="RunRates_HO3" time="379.511" classname="Automation.IAQ.Testing.Rates.TN.Rates_HO3"/>
  <testcase name="RunRates_HO3" time="377.486" classname="Automation.IAQ.Testing.Rates.TN.Rates_HO3"/>
  <testcase name="RunRates_HO3" time="364.156" classname="Automation.IAQ.Testing.Rates.TN.Rates_HO3"/>
</testsuite> <!-- Automation.IAQ.Testing.Rates.TN.Rates_HO3 -->
