<?xml version="1.0" encoding="UTF-8"?>
<!-- Generated by org.testng.reporters.JUnitReportReporter -->
<testsuite hostname="BWCDPH2" failures="0" tests="1" name="Automation.Claims.DummyTests" time="17.971" errors="0" timestamp="23 Apr 2018 17:18:34 GMT" skipped="0">
  <testcase classname="Automation.Claims.DummyTests" name="Run_Claim_Payment_Notes" time="17.971"/>
</testsuite> <!-- Automation.Claims.DummyTests -->
