<?xml version="1.0" encoding="UTF-8"?>
<!-- Generated by org.testng.reporters.JUnitReportReporter -->
<testsuite hostname="D572R1G2" failures="0" tests="1" name="Automation.IAQ.Rates.MT.Rates_HO3" time="320.590" errors="0" timestamp="17 Jan 2019 15:37:56 GMT" skipped="0">
  <testcase classname="Automation.IAQ.Rates.MT.Rates_HO3" name="RunRates_HO3" time="320.590"/>
</testsuite> <!-- Automation.IAQ.Rates.MT.Rates_HO3 -->
