<?xml version="1.0" encoding="UTF-8"?>
<!-- Generated by org.testng.reporters.JUnitReportReporter -->
<testsuite hostname="D572R1G2" failures="0" tests="1" name="Automation.IAQ.Rates.HO4_Full" time="138.419" errors="0" timestamp="21 Jun 2018 17:44:56 GMT" skipped="0">
  <testcase classname="Automation.IAQ.Rates.HO4_Full" name="RunHO4_Full" time="138.419"/>
</testsuite> <!-- Automation.IAQ.Rates.HO4_Full -->
