<?xml version="1.0" encoding="UTF-8"?>
<!-- Generated by org.testng.reporters.JUnitReportReporter -->
<testsuite skipped="0" hostname="D572R1G2" name="Automation.IAQ.Testing.Rates.KS.Rates_HO4" tests="1" failures="0" timestamp="04 Mar 2019 20:05:24 GMT" time="181.515" errors="0">
  <testcase name="RunRates_HO4" time="181.515" classname="Automation.IAQ.Testing.Rates.KS.Rates_HO4"/>
</testsuite> <!-- Automation.IAQ.Testing.Rates.KS.Rates_HO4 -->
