<?xml version="1.0" encoding="UTF-8"?>
<!-- Generated by org.testng.reporters.JUnitReportReporter -->
<testsuite skipped="0" hostname="D572R1G2" name="Automation.IAQ.Testing.Rates.TN.Rates_HO4" tests="19" failures="0" timestamp="27 Feb 2019 21:14:58 GMT" time="3273.283" errors="0">
  <testcase name="RunRates_HO4" time="166.597" classname="Automation.IAQ.Testing.Rates.TN.Rates_HO4"/>
  <testcase name="RunRates_HO4" time="172.554" classname="Automation.IAQ.Testing.Rates.TN.Rates_HO4"/>
  <testcase name="RunRates_HO4" time="180.812" classname="Automation.IAQ.Testing.Rates.TN.Rates_HO4"/>
  <testcase name="RunRates_HO4" time="169.339" classname="Automation.IAQ.Testing.Rates.TN.Rates_HO4"/>
  <testcase name="RunRates_HO4" time="184.638" classname="Automation.IAQ.Testing.Rates.TN.Rates_HO4"/>
  <testcase name="RunRates_HO4" time="145.254" classname="Automation.IAQ.Testing.Rates.TN.Rates_HO4"/>
  <testcase name="RunRates_HO4" time="165.247" classname="Automation.IAQ.Testing.Rates.TN.Rates_HO4"/>
  <testcase name="RunRates_HO4" time="167.395" classname="Automation.IAQ.Testing.Rates.TN.Rates_HO4"/>
  <testcase name="RunRates_HO4" time="170.693" classname="Automation.IAQ.Testing.Rates.TN.Rates_HO4"/>
  <testcase name="RunRates_HO4" time="192.576" classname="Automation.IAQ.Testing.Rates.TN.Rates_HO4"/>
  <testcase name="RunRates_HO4" time="187.841" classname="Automation.IAQ.Testing.Rates.TN.Rates_HO4"/>
  <testcase name="RunRates_HO4" time="168.964" classname="Automation.IAQ.Testing.Rates.TN.Rates_HO4"/>
  <testcase name="RunRates_HO4" time="177.043" classname="Automation.IAQ.Testing.Rates.TN.Rates_HO4"/>
  <testcase name="RunRates_HO4" time="151.983" classname="Automation.IAQ.Testing.Rates.TN.Rates_HO4"/>
  <testcase name="RunRates_HO4" time="173.592" classname="Automation.IAQ.Testing.Rates.TN.Rates_HO4"/>
  <testcase name="RunRates_HO4" time="168.955" classname="Automation.IAQ.Testing.Rates.TN.Rates_HO4"/>
  <testcase name="RunRates_HO4" time="176.313" classname="Automation.IAQ.Testing.Rates.TN.Rates_HO4"/>
  <testcase name="RunRates_HO4" time="188.775" classname="Automation.IAQ.Testing.Rates.TN.Rates_HO4"/>
  <testcase name="RunRates_HO4" time="164.712" classname="Automation.IAQ.Testing.Rates.TN.Rates_HO4"/>
</testsuite> <!-- Automation.IAQ.Testing.Rates.TN.Rates_HO4 -->
