<?xml version="1.0" encoding="UTF-8"?>
<!-- Generated by org.testng.reporters.JUnitReportReporter -->
<testsuite hostname="D572R1G2" failures="0" tests="1" name="Automation.IAQ.dataCalls.CL_DataCall" time="151.256" errors="0" timestamp="05 Jul 2018 20:35:09 GMT" skipped="0">
  <testcase classname="Automation.IAQ.dataCalls.CL_DataCall" name="RunCL_DataCall" time="151.256"/>
</testsuite> <!-- Automation.IAQ.dataCalls.CL_DataCall -->
