<?xml version="1.0" encoding="UTF-8"?>
<!-- Generated by org.testng.reporters.JUnitReportReporter -->
<testsuite hostname="D572R1G2" failures="0" tests="1" name="Automation.IAQ.Rates.Rates_HO4" time="178.211" errors="0" timestamp="23 Aug 2018 14:36:27 GMT" skipped="0">
  <testcase classname="Automation.IAQ.Rates.Rates_HO4" name="RunRates_HO4" time="178.211"/>
</testsuite> <!-- Automation.IAQ.Rates.Rates_HO4 -->
