<?xml version="1.0" encoding="UTF-8"?>
<!-- Generated by org.testng.reporters.JUnitReportReporter -->
<testsuite hostname="D572R1G2" failures="0" tests="1" name="Automation.IAQ.Rates.TX.Rates_HO4" time="200.030" errors="0" timestamp="19 Dec 2018 15:53:31 GMT" skipped="0">
  <testcase classname="Automation.IAQ.Rates.TX.Rates_HO4" name="RunRates_HO4" time="200.030"/>
</testsuite> <!-- Automation.IAQ.Rates.TX.Rates_HO4 -->
