<?xml version="1.0" encoding="UTF-8"?>
<!-- Generated by org.testng.reporters.JUnitReportReporter -->
<testsuite hostname="BWCDPH2" failures="0" tests="1" name="Automation.Claims.Claims_Contact_Assist_RunTest" time="5.856" errors="0" timestamp="01 May 2018 14:17:30 GMT" skipped="0">
  <testcase classname="Automation.Claims.Claims_Contact_Assist_RunTest" name="RunClaims_Contact_Assist" time="5.856"/>
</testsuite> <!-- Automation.Claims.Claims_Contact_Assist_RunTest -->
