<?xml version="1.0" encoding="UTF-8"?>
<!-- Generated by org.testng.reporters.JUnitReportReporter -->
<testsuite hostname="D572R1G2" failures="0" tests="2" name="Automation.IAQ.Rates.TX.Rates_HO4_PGR" time="398.351" errors="0" timestamp="18 Dec 2018 16:14:05 GMT" skipped="0">
  <testcase classname="Automation.IAQ.Rates.TX.Rates_HO4_PGR" name="RunRates_HO4_PGR" time="207.724"/>
  <testcase classname="Automation.IAQ.Rates.TX.Rates_HO4_PGR" name="RunRates_HO4_PGR" time="190.627"/>
</testsuite> <!-- Automation.IAQ.Rates.TX.Rates_HO4_PGR -->
