<?xml version="1.0" encoding="UTF-8"?>
<!-- Generated by org.testng.reporters.JUnitReportReporter -->
<testsuite hostname="D572R1G2" failures="0" tests="1" name="Automation.IAQ.Rates.WI.Rates_HO6" time="76.455" errors="0" timestamp="05 Nov 2018 17:09:20 GMT" skipped="0">
  <testcase classname="Automation.IAQ.Rates.WI.Rates_HO6" name="RunRates_HO6" time="76.455"/>
</testsuite> <!-- Automation.IAQ.Rates.WI.Rates_HO6 -->
