<?xml version="1.0" encoding="UTF-8"?>
<!-- Generated by org.testng.reporters.JUnitReportReporter -->
<testsuite hostname="D572R1G2" failures="0" tests="5" name="Automation.IAQ.dataCalls.BF_DataCalls" time="251.037" errors="0" timestamp="17 Dec 2018 18:43:01 GMT" skipped="0">
  <testcase classname="Automation.IAQ.dataCalls.BF_DataCalls" name="RunBF_DataCall" time="49.388"/>
  <testcase classname="Automation.IAQ.dataCalls.BF_DataCalls" name="RunBF_DataCall" time="49.092"/>
  <testcase classname="Automation.IAQ.dataCalls.BF_DataCalls" name="RunBF_DataCall" time="49.363"/>
  <testcase classname="Automation.IAQ.dataCalls.BF_DataCalls" name="RunBF_DataCall" time="49.488"/>
  <testcase classname="Automation.IAQ.dataCalls.BF_DataCalls" name="RunBF_DataCall" time="53.706"/>
</testsuite> <!-- Automation.IAQ.dataCalls.BF_DataCalls -->
