<?xml version="1.0" encoding="UTF-8"?>
<!-- Generated by org.testng.reporters.JUnitReportReporter -->
<testsuite skipped="0" hostname="D572R1G2" name="Automation.IAQ.Testing.Rates.IL.Rates_HO6" tests="1" failures="0" timestamp="11 Mar 2019 14:50:32 GMT" time="29.671" errors="0">
  <testcase name="RunRates_HO6" time="29.671" classname="Automation.IAQ.Testing.Rates.IL.Rates_HO6"/>
</testsuite> <!-- Automation.IAQ.Testing.Rates.IL.Rates_HO6 -->
