<?xml version="1.0" encoding="UTF-8"?>
<!-- Generated by org.testng.reporters.JUnitReportReporter -->
<testsuite hostname="D572R1G2" failures="0" tests="259" name="Automation.IAQ.dataCalls.CR_DataCall" time="28790.020" errors="0" timestamp="28 Dec 2018 02:42:33 GMT" skipped="0">
  <testcase classname="Automation.IAQ.dataCalls.CR_DataCall" name="RunCR_DataCall" time="110.679"/>
  <testcase classname="Automation.IAQ.dataCalls.CR_DataCall" name="RunCR_DataCall" time="102.534"/>
  <testcase classname="Automation.IAQ.dataCalls.CR_DataCall" name="RunCR_DataCall" time="111.301"/>
  <testcase classname="Automation.IAQ.dataCalls.CR_DataCall" name="RunCR_DataCall" time="112.180"/>
  <testcase classname="Automation.IAQ.dataCalls.CR_DataCall" name="RunCR_DataCall" time="109.229"/>
  <testcase classname="Automation.IAQ.dataCalls.CR_DataCall" name="RunCR_DataCall" time="111.317"/>
  <testcase classname="Automation.IAQ.dataCalls.CR_DataCall" name="RunCR_DataCall" time="111.390"/>
  <testcase classname="Automation.IAQ.dataCalls.CR_DataCall" name="RunCR_DataCall" time="144.144"/>
  <testcase classname="Automation.IAQ.dataCalls.CR_DataCall" name="RunCR_DataCall" time="126.697"/>
  <testcase classname="Automation.IAQ.dataCalls.CR_DataCall" name="RunCR_DataCall" time="110.481"/>
  <testcase classname="Automation.IAQ.dataCalls.CR_DataCall" name="RunCR_DataCall" time="113.174"/>
  <testcase classname="Automation.IAQ.dataCalls.CR_DataCall" name="RunCR_DataCall" time="117.031"/>
  <testcase classname="Automation.IAQ.dataCalls.CR_DataCall" name="RunCR_DataCall" time="109.994"/>
  <testcase classname="Automation.IAQ.dataCalls.CR_DataCall" name="RunCR_DataCall" time="105.762"/>
  <testcase classname="Automation.IAQ.dataCalls.CR_DataCall" name="RunCR_DataCall" time="108.254"/>
  <testcase classname="Automation.IAQ.dataCalls.CR_DataCall" name="RunCR_DataCall" time="123.466"/>
  <testcase classname="Automation.IAQ.dataCalls.CR_DataCall" name="RunCR_DataCall" time="105.050"/>
  <testcase classname="Automation.IAQ.dataCalls.CR_DataCall" name="RunCR_DataCall" time="113.851"/>
  <testcase classname="Automation.IAQ.dataCalls.CR_DataCall" name="RunCR_DataCall" time="114.578"/>
  <testcase classname="Automation.IAQ.dataCalls.CR_DataCall" name="RunCR_DataCall" time="113.788"/>
  <testcase classname="Automation.IAQ.dataCalls.CR_DataCall" name="RunCR_DataCall" time="111.887"/>
  <testcase classname="Automation.IAQ.dataCalls.CR_DataCall" name="RunCR_DataCall" time="107.680"/>
  <testcase classname="Automation.IAQ.dataCalls.CR_DataCall" name="RunCR_DataCall" time="113.007"/>
  <testcase classname="Automation.IAQ.dataCalls.CR_DataCall" name="RunCR_DataCall" time="110.526"/>
  <testcase classname="Automation.IAQ.dataCalls.CR_DataCall" name="RunCR_DataCall" time="104.875"/>
  <testcase classname="Automation.IAQ.dataCalls.CR_DataCall" name="RunCR_DataCall" time="114.451"/>
  <testcase classname="Automation.IAQ.dataCalls.CR_DataCall" name="RunCR_DataCall" time="118.336"/>
  <testcase classname="Automation.IAQ.dataCalls.CR_DataCall" name="RunCR_DataCall" time="76.221"/>
  <testcase classname="Automation.IAQ.dataCalls.CR_DataCall" name="RunCR_DataCall" time="126.127"/>
  <testcase classname="Automation.IAQ.dataCalls.CR_DataCall" name="RunCR_DataCall" time="111.653"/>
  <testcase classname="Automation.IAQ.dataCalls.CR_DataCall" name="RunCR_DataCall" time="117.954"/>
  <testcase classname="Automation.IAQ.dataCalls.CR_DataCall" name="RunCR_DataCall" time="104.414"/>
  <testcase classname="Automation.IAQ.dataCalls.CR_DataCall" name="RunCR_DataCall" time="120.318"/>
  <testcase classname="Automation.IAQ.dataCalls.CR_DataCall" name="RunCR_DataCall" time="147.042"/>
  <testcase classname="Automation.IAQ.dataCalls.CR_DataCall" name="RunCR_DataCall" time="108.788"/>
  <testcase classname="Automation.IAQ.dataCalls.CR_DataCall" name="RunCR_DataCall" time="112.472"/>
  <testcase classname="Automation.IAQ.dataCalls.CR_DataCall" name="RunCR_DataCall" time="122.872"/>
  <testcase classname="Automation.IAQ.dataCalls.CR_DataCall" name="RunCR_DataCall" time="120.418"/>
  <testcase classname="Automation.IAQ.dataCalls.CR_DataCall" name="RunCR_DataCall" time="94.699"/>
  <testcase classname="Automation.IAQ.dataCalls.CR_DataCall" name="RunCR_DataCall" time="106.348"/>
  <testcase classname="Automation.IAQ.dataCalls.CR_DataCall" name="RunCR_DataCall" time="110.379"/>
  <testcase classname="Automation.IAQ.dataCalls.CR_DataCall" name="RunCR_DataCall" time="110.602"/>
  <testcase classname="Automation.IAQ.dataCalls.CR_DataCall" name="RunCR_DataCall" time="104.003"/>
  <testcase classname="Automation.IAQ.dataCalls.CR_DataCall" name="RunCR_DataCall" time="109.855"/>
  <testcase classname="Automation.IAQ.dataCalls.CR_DataCall" name="RunCR_DataCall" time="114.980"/>
  <testcase classname="Automation.IAQ.dataCalls.CR_DataCall" name="RunCR_DataCall" time="112.187"/>
  <testcase classname="Automation.IAQ.dataCalls.CR_DataCall" name="RunCR_DataCall" time="124.176"/>
  <testcase classname="Automation.IAQ.dataCalls.CR_DataCall" name="RunCR_DataCall" time="111.759"/>
  <testcase classname="Automation.IAQ.dataCalls.CR_DataCall" name="RunCR_DataCall" time="109.779"/>
  <testcase classname="Automation.IAQ.dataCalls.CR_DataCall" name="RunCR_DataCall" time="106.259"/>
  <testcase classname="Automation.IAQ.dataCalls.CR_DataCall" name="RunCR_DataCall" time="119.438"/>
  <testcase classname="Automation.IAQ.dataCalls.CR_DataCall" name="RunCR_DataCall" time="109.944"/>
  <testcase classname="Automation.IAQ.dataCalls.CR_DataCall" name="RunCR_DataCall" time="128.994"/>
  <testcase classname="Automation.IAQ.dataCalls.CR_DataCall" name="RunCR_DataCall" time="120.024"/>
  <testcase classname="Automation.IAQ.dataCalls.CR_DataCall" name="RunCR_DataCall" time="106.795"/>
  <testcase classname="Automation.IAQ.dataCalls.CR_DataCall" name="RunCR_DataCall" time="104.923"/>
  <testcase classname="Automation.IAQ.dataCalls.CR_DataCall" name="RunCR_DataCall" time="106.358"/>
  <testcase classname="Automation.IAQ.dataCalls.CR_DataCall" name="RunCR_DataCall" time="112.399"/>
  <testcase classname="Automation.IAQ.dataCalls.CR_DataCall" name="RunCR_DataCall" time="111.691"/>
  <testcase classname="Automation.IAQ.dataCalls.CR_DataCall" name="RunCR_DataCall" time="126.336"/>
  <testcase classname="Automation.IAQ.dataCalls.CR_DataCall" name="RunCR_DataCall" time="115.093"/>
  <testcase classname="Automation.IAQ.dataCalls.CR_DataCall" name="RunCR_DataCall" time="110.859"/>
  <testcase classname="Automation.IAQ.dataCalls.CR_DataCall" name="RunCR_DataCall" time="107.347"/>
  <testcase classname="Automation.IAQ.dataCalls.CR_DataCall" name="RunCR_DataCall" time="102.036"/>
  <testcase classname="Automation.IAQ.dataCalls.CR_DataCall" name="RunCR_DataCall" time="116.764"/>
  <testcase classname="Automation.IAQ.dataCalls.CR_DataCall" name="RunCR_DataCall" time="116.864"/>
  <testcase classname="Automation.IAQ.dataCalls.CR_DataCall" name="RunCR_DataCall" time="117.781"/>
  <testcase classname="Automation.IAQ.dataCalls.CR_DataCall" name="RunCR_DataCall" time="104.388"/>
  <testcase classname="Automation.IAQ.dataCalls.CR_DataCall" name="RunCR_DataCall" time="117.355"/>
  <testcase classname="Automation.IAQ.dataCalls.CR_DataCall" name="RunCR_DataCall" time="115.183"/>
  <testcase classname="Automation.IAQ.dataCalls.CR_DataCall" name="RunCR_DataCall" time="108.457"/>
  <testcase classname="Automation.IAQ.dataCalls.CR_DataCall" name="RunCR_DataCall" time="112.862"/>
  <testcase classname="Automation.IAQ.dataCalls.CR_DataCall" name="RunCR_DataCall" time="112.972"/>
  <testcase classname="Automation.IAQ.dataCalls.CR_DataCall" name="RunCR_DataCall" time="115.024"/>
  <testcase classname="Automation.IAQ.dataCalls.CR_DataCall" name="RunCR_DataCall" time="44.194"/>
  <testcase classname="Automation.IAQ.dataCalls.CR_DataCall" name="RunCR_DataCall" time="108.048"/>
  <testcase classname="Automation.IAQ.dataCalls.CR_DataCall" name="RunCR_DataCall" time="118.757"/>
  <testcase classname="Automation.IAQ.dataCalls.CR_DataCall" name="RunCR_DataCall" time="117.701"/>
  <testcase classname="Automation.IAQ.dataCalls.CR_DataCall" name="RunCR_DataCall" time="112.500"/>
  <testcase classname="Automation.IAQ.dataCalls.CR_DataCall" name="RunCR_DataCall" time="107.517"/>
  <testcase classname="Automation.IAQ.dataCalls.CR_DataCall" name="RunCR_DataCall" time="105.862"/>
  <testcase classname="Automation.IAQ.dataCalls.CR_DataCall" name="RunCR_DataCall" time="110.897"/>
  <testcase classname="Automation.IAQ.dataCalls.CR_DataCall" name="RunCR_DataCall" time="113.277"/>
  <testcase classname="Automation.IAQ.dataCalls.CR_DataCall" name="RunCR_DataCall" time="112.995"/>
  <testcase classname="Automation.IAQ.dataCalls.CR_DataCall" name="RunCR_DataCall" time="116.362"/>
  <testcase classname="Automation.IAQ.dataCalls.CR_DataCall" name="RunCR_DataCall" time="114.728"/>
  <testcase classname="Automation.IAQ.dataCalls.CR_DataCall" name="RunCR_DataCall" time="109.124"/>
  <testcase classname="Automation.IAQ.dataCalls.CR_DataCall" name="RunCR_DataCall" time="107.072"/>
  <testcase classname="Automation.IAQ.dataCalls.CR_DataCall" name="RunCR_DataCall" time="108.034"/>
  <testcase classname="Automation.IAQ.dataCalls.CR_DataCall" name="RunCR_DataCall" time="103.097"/>
  <testcase classname="Automation.IAQ.dataCalls.CR_DataCall" name="RunCR_DataCall" time="106.611"/>
  <testcase classname="Automation.IAQ.dataCalls.CR_DataCall" name="RunCR_DataCall" time="109.109"/>
  <testcase classname="Automation.IAQ.dataCalls.CR_DataCall" name="RunCR_DataCall" time="109.300"/>
  <testcase classname="Automation.IAQ.dataCalls.CR_DataCall" name="RunCR_DataCall" time="115.526"/>
  <testcase classname="Automation.IAQ.dataCalls.CR_DataCall" name="RunCR_DataCall" time="119.411"/>
  <testcase classname="Automation.IAQ.dataCalls.CR_DataCall" name="RunCR_DataCall" time="129.955"/>
  <testcase classname="Automation.IAQ.dataCalls.CR_DataCall" name="RunCR_DataCall" time="119.867"/>
  <testcase classname="Automation.IAQ.dataCalls.CR_DataCall" name="RunCR_DataCall" time="111.907"/>
  <testcase classname="Automation.IAQ.dataCalls.CR_DataCall" name="RunCR_DataCall" time="114.080"/>
  <testcase classname="Automation.IAQ.dataCalls.CR_DataCall" name="RunCR_DataCall" time="112.201"/>
  <testcase classname="Automation.IAQ.dataCalls.CR_DataCall" name="RunCR_DataCall" time="111.447"/>
  <testcase classname="Automation.IAQ.dataCalls.CR_DataCall" name="RunCR_DataCall" time="123.445"/>
  <testcase classname="Automation.IAQ.dataCalls.CR_DataCall" name="RunCR_DataCall" time="113.232"/>
  <testcase classname="Automation.IAQ.dataCalls.CR_DataCall" name="RunCR_DataCall" time="107.158"/>
  <testcase classname="Automation.IAQ.dataCalls.CR_DataCall" name="RunCR_DataCall" time="112.367"/>
  <testcase classname="Automation.IAQ.dataCalls.CR_DataCall" name="RunCR_DataCall" time="116.425"/>
  <testcase classname="Automation.IAQ.dataCalls.CR_DataCall" name="RunCR_DataCall" time="122.472"/>
  <testcase classname="Automation.IAQ.dataCalls.CR_DataCall" name="RunCR_DataCall" time="101.567"/>
  <testcase classname="Automation.IAQ.dataCalls.CR_DataCall" name="RunCR_DataCall" time="109.488"/>
  <testcase classname="Automation.IAQ.dataCalls.CR_DataCall" name="RunCR_DataCall" time="126.276"/>
  <testcase classname="Automation.IAQ.dataCalls.CR_DataCall" name="RunCR_DataCall" time="113.363"/>
  <testcase classname="Automation.IAQ.dataCalls.CR_DataCall" name="RunCR_DataCall" time="74.895"/>
  <testcase classname="Automation.IAQ.dataCalls.CR_DataCall" name="RunCR_DataCall" time="101.479"/>
  <testcase classname="Automation.IAQ.dataCalls.CR_DataCall" name="RunCR_DataCall" time="114.725"/>
  <testcase classname="Automation.IAQ.dataCalls.CR_DataCall" name="RunCR_DataCall" time="84.193"/>
  <testcase classname="Automation.IAQ.dataCalls.CR_DataCall" name="RunCR_DataCall" time="104.794"/>
  <testcase classname="Automation.IAQ.dataCalls.CR_DataCall" name="RunCR_DataCall" time="108.417"/>
  <testcase classname="Automation.IAQ.dataCalls.CR_DataCall" name="RunCR_DataCall" time="112.690"/>
  <testcase classname="Automation.IAQ.dataCalls.CR_DataCall" name="RunCR_DataCall" time="113.265"/>
  <testcase classname="Automation.IAQ.dataCalls.CR_DataCall" name="RunCR_DataCall" time="116.210"/>
  <testcase classname="Automation.IAQ.dataCalls.CR_DataCall" name="RunCR_DataCall" time="104.314"/>
  <testcase classname="Automation.IAQ.dataCalls.CR_DataCall" name="RunCR_DataCall" time="111.144"/>
  <testcase classname="Automation.IAQ.dataCalls.CR_DataCall" name="RunCR_DataCall" time="103.388"/>
  <testcase classname="Automation.IAQ.dataCalls.CR_DataCall" name="RunCR_DataCall" time="123.831"/>
  <testcase classname="Automation.IAQ.dataCalls.CR_DataCall" name="RunCR_DataCall" time="115.335"/>
  <testcase classname="Automation.IAQ.dataCalls.CR_DataCall" name="RunCR_DataCall" time="110.733"/>
  <testcase classname="Automation.IAQ.dataCalls.CR_DataCall" name="RunCR_DataCall" time="113.233"/>
  <testcase classname="Automation.IAQ.dataCalls.CR_DataCall" name="RunCR_DataCall" time="113.720"/>
  <testcase classname="Automation.IAQ.dataCalls.CR_DataCall" name="RunCR_DataCall" time="125.703"/>
  <testcase classname="Automation.IAQ.dataCalls.CR_DataCall" name="RunCR_DataCall" time="112.406"/>
  <testcase classname="Automation.IAQ.dataCalls.CR_DataCall" name="RunCR_DataCall" time="96.838"/>
  <testcase classname="Automation.IAQ.dataCalls.CR_DataCall" name="RunCR_DataCall" time="111.963"/>
  <testcase classname="Automation.IAQ.dataCalls.CR_DataCall" name="RunCR_DataCall" time="107.488"/>
  <testcase classname="Automation.IAQ.dataCalls.CR_DataCall" name="RunCR_DataCall" time="115.409"/>
  <testcase classname="Automation.IAQ.dataCalls.CR_DataCall" name="RunCR_DataCall" time="109.019"/>
  <testcase classname="Automation.IAQ.dataCalls.CR_DataCall" name="RunCR_DataCall" time="114.518"/>
  <testcase classname="Automation.IAQ.dataCalls.CR_DataCall" name="RunCR_DataCall" time="109.386"/>
  <testcase classname="Automation.IAQ.dataCalls.CR_DataCall" name="RunCR_DataCall" time="106.961"/>
  <testcase classname="Automation.IAQ.dataCalls.CR_DataCall" name="RunCR_DataCall" time="109.925"/>
  <testcase classname="Automation.IAQ.dataCalls.CR_DataCall" name="RunCR_DataCall" time="116.123"/>
  <testcase classname="Automation.IAQ.dataCalls.CR_DataCall" name="RunCR_DataCall" time="120.198"/>
  <testcase classname="Automation.IAQ.dataCalls.CR_DataCall" name="RunCR_DataCall" time="108.426"/>
  <testcase classname="Automation.IAQ.dataCalls.CR_DataCall" name="RunCR_DataCall" time="118.524"/>
  <testcase classname="Automation.IAQ.dataCalls.CR_DataCall" name="RunCR_DataCall" time="130.725"/>
  <testcase classname="Automation.IAQ.dataCalls.CR_DataCall" name="RunCR_DataCall" time="107.660"/>
  <testcase classname="Automation.IAQ.dataCalls.CR_DataCall" name="RunCR_DataCall" time="117.872"/>
  <testcase classname="Automation.IAQ.dataCalls.CR_DataCall" name="RunCR_DataCall" time="115.202"/>
  <testcase classname="Automation.IAQ.dataCalls.CR_DataCall" name="RunCR_DataCall" time="111.731"/>
  <testcase classname="Automation.IAQ.dataCalls.CR_DataCall" name="RunCR_DataCall" time="116.969"/>
  <testcase classname="Automation.IAQ.dataCalls.CR_DataCall" name="RunCR_DataCall" time="109.035"/>
  <testcase classname="Automation.IAQ.dataCalls.CR_DataCall" name="RunCR_DataCall" time="109.459"/>
  <testcase classname="Automation.IAQ.dataCalls.CR_DataCall" name="RunCR_DataCall" time="121.699"/>
  <testcase classname="Automation.IAQ.dataCalls.CR_DataCall" name="RunCR_DataCall" time="108.230"/>
  <testcase classname="Automation.IAQ.dataCalls.CR_DataCall" name="RunCR_DataCall" time="119.669"/>
  <testcase classname="Automation.IAQ.dataCalls.CR_DataCall" name="RunCR_DataCall" time="111.786"/>
  <testcase classname="Automation.IAQ.dataCalls.CR_DataCall" name="RunCR_DataCall" time="106.831"/>
  <testcase classname="Automation.IAQ.dataCalls.CR_DataCall" name="RunCR_DataCall" time="106.397"/>
  <testcase classname="Automation.IAQ.dataCalls.CR_DataCall" name="RunCR_DataCall" time="113.832"/>
  <testcase classname="Automation.IAQ.dataCalls.CR_DataCall" name="RunCR_DataCall" time="114.936"/>
  <testcase classname="Automation.IAQ.dataCalls.CR_DataCall" name="RunCR_DataCall" time="114.855"/>
  <testcase classname="Automation.IAQ.dataCalls.CR_DataCall" name="RunCR_DataCall" time="118.352"/>
  <testcase classname="Automation.IAQ.dataCalls.CR_DataCall" name="RunCR_DataCall" time="120.941"/>
  <testcase classname="Automation.IAQ.dataCalls.CR_DataCall" name="RunCR_DataCall" time="104.628"/>
  <testcase classname="Automation.IAQ.dataCalls.CR_DataCall" name="RunCR_DataCall" time="115.509"/>
  <testcase classname="Automation.IAQ.dataCalls.CR_DataCall" name="RunCR_DataCall" time="105.316"/>
  <testcase classname="Automation.IAQ.dataCalls.CR_DataCall" name="RunCR_DataCall" time="111.366"/>
  <testcase classname="Automation.IAQ.dataCalls.CR_DataCall" name="RunCR_DataCall" time="112.846"/>
  <testcase classname="Automation.IAQ.dataCalls.CR_DataCall" name="RunCR_DataCall" time="115.081"/>
  <testcase classname="Automation.IAQ.dataCalls.CR_DataCall" name="RunCR_DataCall" time="108.066"/>
  <testcase classname="Automation.IAQ.dataCalls.CR_DataCall" name="RunCR_DataCall" time="103.764"/>
  <testcase classname="Automation.IAQ.dataCalls.CR_DataCall" name="RunCR_DataCall" time="109.031"/>
  <testcase classname="Automation.IAQ.dataCalls.CR_DataCall" name="RunCR_DataCall" time="111.008"/>
  <testcase classname="Automation.IAQ.dataCalls.CR_DataCall" name="RunCR_DataCall" time="109.251"/>
  <testcase classname="Automation.IAQ.dataCalls.CR_DataCall" name="RunCR_DataCall" time="107.612"/>
  <testcase classname="Automation.IAQ.dataCalls.CR_DataCall" name="RunCR_DataCall" time="114.652"/>
  <testcase classname="Automation.IAQ.dataCalls.CR_DataCall" name="RunCR_DataCall" time="111.589"/>
  <testcase classname="Automation.IAQ.dataCalls.CR_DataCall" name="RunCR_DataCall" time="116.741"/>
  <testcase classname="Automation.IAQ.dataCalls.CR_DataCall" name="RunCR_DataCall" time="125.039"/>
  <testcase classname="Automation.IAQ.dataCalls.CR_DataCall" name="RunCR_DataCall" time="109.867"/>
  <testcase classname="Automation.IAQ.dataCalls.CR_DataCall" name="RunCR_DataCall" time="112.889"/>
  <testcase classname="Automation.IAQ.dataCalls.CR_DataCall" name="RunCR_DataCall" time="94.000"/>
  <testcase classname="Automation.IAQ.dataCalls.CR_DataCall" name="RunCR_DataCall" time="96.393"/>
  <testcase classname="Automation.IAQ.dataCalls.CR_DataCall" name="RunCR_DataCall" time="111.701"/>
  <testcase classname="Automation.IAQ.dataCalls.CR_DataCall" name="RunCR_DataCall" time="106.023"/>
  <testcase classname="Automation.IAQ.dataCalls.CR_DataCall" name="RunCR_DataCall" time="75.777"/>
  <testcase classname="Automation.IAQ.dataCalls.CR_DataCall" name="RunCR_DataCall" time="111.207"/>
  <testcase classname="Automation.IAQ.dataCalls.CR_DataCall" name="RunCR_DataCall" time="103.780"/>
  <testcase classname="Automation.IAQ.dataCalls.CR_DataCall" name="RunCR_DataCall" time="117.265"/>
  <testcase classname="Automation.IAQ.dataCalls.CR_DataCall" name="RunCR_DataCall" time="112.552"/>
  <testcase classname="Automation.IAQ.dataCalls.CR_DataCall" name="RunCR_DataCall" time="104.490"/>
  <testcase classname="Automation.IAQ.dataCalls.CR_DataCall" name="RunCR_DataCall" time="122.186"/>
  <testcase classname="Automation.IAQ.dataCalls.CR_DataCall" name="RunCR_DataCall" time="126.653"/>
  <testcase classname="Automation.IAQ.dataCalls.CR_DataCall" name="RunCR_DataCall" time="104.277"/>
  <testcase classname="Automation.IAQ.dataCalls.CR_DataCall" name="RunCR_DataCall" time="115.676"/>
  <testcase classname="Automation.IAQ.dataCalls.CR_DataCall" name="RunCR_DataCall" time="109.266"/>
  <testcase classname="Automation.IAQ.dataCalls.CR_DataCall" name="RunCR_DataCall" time="118.458"/>
  <testcase classname="Automation.IAQ.dataCalls.CR_DataCall" name="RunCR_DataCall" time="104.736"/>
  <testcase classname="Automation.IAQ.dataCalls.CR_DataCall" name="RunCR_DataCall" time="119.412"/>
  <testcase classname="Automation.IAQ.dataCalls.CR_DataCall" name="RunCR_DataCall" time="119.526"/>
  <testcase classname="Automation.IAQ.dataCalls.CR_DataCall" name="RunCR_DataCall" time="93.137"/>
  <testcase classname="Automation.IAQ.dataCalls.CR_DataCall" name="RunCR_DataCall" time="113.609"/>
  <testcase classname="Automation.IAQ.dataCalls.CR_DataCall" name="RunCR_DataCall" time="109.852"/>
  <testcase classname="Automation.IAQ.dataCalls.CR_DataCall" name="RunCR_DataCall" time="113.414"/>
  <testcase classname="Automation.IAQ.dataCalls.CR_DataCall" name="RunCR_DataCall" time="110.221"/>
  <testcase classname="Automation.IAQ.dataCalls.CR_DataCall" name="RunCR_DataCall" time="111.378"/>
  <testcase classname="Automation.IAQ.dataCalls.CR_DataCall" name="RunCR_DataCall" time="114.403"/>
  <testcase classname="Automation.IAQ.dataCalls.CR_DataCall" name="RunCR_DataCall" time="103.122"/>
  <testcase classname="Automation.IAQ.dataCalls.CR_DataCall" name="RunCR_DataCall" time="112.154"/>
  <testcase classname="Automation.IAQ.dataCalls.CR_DataCall" name="RunCR_DataCall" time="104.787"/>
  <testcase classname="Automation.IAQ.dataCalls.CR_DataCall" name="RunCR_DataCall" time="117.288"/>
  <testcase classname="Automation.IAQ.dataCalls.CR_DataCall" name="RunCR_DataCall" time="130.624"/>
  <testcase classname="Automation.IAQ.dataCalls.CR_DataCall" name="RunCR_DataCall" time="106.786"/>
  <testcase classname="Automation.IAQ.dataCalls.CR_DataCall" name="RunCR_DataCall" time="109.502"/>
  <testcase classname="Automation.IAQ.dataCalls.CR_DataCall" name="RunCR_DataCall" time="74.158"/>
  <testcase classname="Automation.IAQ.dataCalls.CR_DataCall" name="RunCR_DataCall" time="115.689"/>
  <testcase classname="Automation.IAQ.dataCalls.CR_DataCall" name="RunCR_DataCall" time="112.238"/>
  <testcase classname="Automation.IAQ.dataCalls.CR_DataCall" name="RunCR_DataCall" time="110.509"/>
  <testcase classname="Automation.IAQ.dataCalls.CR_DataCall" name="RunCR_DataCall" time="105.746"/>
  <testcase classname="Automation.IAQ.dataCalls.CR_DataCall" name="RunCR_DataCall" time="108.738"/>
  <testcase classname="Automation.IAQ.dataCalls.CR_DataCall" name="RunCR_DataCall" time="110.737"/>
  <testcase classname="Automation.IAQ.dataCalls.CR_DataCall" name="RunCR_DataCall" time="115.769"/>
  <testcase classname="Automation.IAQ.dataCalls.CR_DataCall" name="RunCR_DataCall" time="116.302"/>
  <testcase classname="Automation.IAQ.dataCalls.CR_DataCall" name="RunCR_DataCall" time="113.643"/>
  <testcase classname="Automation.IAQ.dataCalls.CR_DataCall" name="RunCR_DataCall" time="116.456"/>
  <testcase classname="Automation.IAQ.dataCalls.CR_DataCall" name="RunCR_DataCall" time="109.716"/>
  <testcase classname="Automation.IAQ.dataCalls.CR_DataCall" name="RunCR_DataCall" time="105.973"/>
  <testcase classname="Automation.IAQ.dataCalls.CR_DataCall" name="RunCR_DataCall" time="103.858"/>
  <testcase classname="Automation.IAQ.dataCalls.CR_DataCall" name="RunCR_DataCall" time="120.147"/>
  <testcase classname="Automation.IAQ.dataCalls.CR_DataCall" name="RunCR_DataCall" time="109.962"/>
  <testcase classname="Automation.IAQ.dataCalls.CR_DataCall" name="RunCR_DataCall" time="108.835"/>
  <testcase classname="Automation.IAQ.dataCalls.CR_DataCall" name="RunCR_DataCall" time="109.773"/>
  <testcase classname="Automation.IAQ.dataCalls.CR_DataCall" name="RunCR_DataCall" time="106.604"/>
  <testcase classname="Automation.IAQ.dataCalls.CR_DataCall" name="RunCR_DataCall" time="117.231"/>
  <testcase classname="Automation.IAQ.dataCalls.CR_DataCall" name="RunCR_DataCall" time="114.027"/>
  <testcase classname="Automation.IAQ.dataCalls.CR_DataCall" name="RunCR_DataCall" time="99.273"/>
  <testcase classname="Automation.IAQ.dataCalls.CR_DataCall" name="RunCR_DataCall" time="104.222"/>
  <testcase classname="Automation.IAQ.dataCalls.CR_DataCall" name="RunCR_DataCall" time="96.079"/>
  <testcase classname="Automation.IAQ.dataCalls.CR_DataCall" name="RunCR_DataCall" time="104.154"/>
  <testcase classname="Automation.IAQ.dataCalls.CR_DataCall" name="RunCR_DataCall" time="109.872"/>
  <testcase classname="Automation.IAQ.dataCalls.CR_DataCall" name="RunCR_DataCall" time="103.721"/>
  <testcase classname="Automation.IAQ.dataCalls.CR_DataCall" name="RunCR_DataCall" time="109.814"/>
  <testcase classname="Automation.IAQ.dataCalls.CR_DataCall" name="RunCR_DataCall" time="112.049"/>
  <testcase classname="Automation.IAQ.dataCalls.CR_DataCall" name="RunCR_DataCall" time="115.615"/>
  <testcase classname="Automation.IAQ.dataCalls.CR_DataCall" name="RunCR_DataCall" time="109.510"/>
  <testcase classname="Automation.IAQ.dataCalls.CR_DataCall" name="RunCR_DataCall" time="114.050"/>
  <testcase classname="Automation.IAQ.dataCalls.CR_DataCall" name="RunCR_DataCall" time="108.241"/>
  <testcase classname="Automation.IAQ.dataCalls.CR_DataCall" name="RunCR_DataCall" time="107.162"/>
  <testcase classname="Automation.IAQ.dataCalls.CR_DataCall" name="RunCR_DataCall" time="105.617"/>
  <testcase classname="Automation.IAQ.dataCalls.CR_DataCall" name="RunCR_DataCall" time="112.898"/>
  <testcase classname="Automation.IAQ.dataCalls.CR_DataCall" name="RunCR_DataCall" time="117.115"/>
  <testcase classname="Automation.IAQ.dataCalls.CR_DataCall" name="RunCR_DataCall" time="112.939"/>
  <testcase classname="Automation.IAQ.dataCalls.CR_DataCall" name="RunCR_DataCall" time="116.054"/>
  <testcase classname="Automation.IAQ.dataCalls.CR_DataCall" name="RunCR_DataCall" time="107.734"/>
  <testcase classname="Automation.IAQ.dataCalls.CR_DataCall" name="RunCR_DataCall" time="77.569"/>
  <testcase classname="Automation.IAQ.dataCalls.CR_DataCall" name="RunCR_DataCall" time="117.216"/>
  <testcase classname="Automation.IAQ.dataCalls.CR_DataCall" name="RunCR_DataCall" time="111.675"/>
  <testcase classname="Automation.IAQ.dataCalls.CR_DataCall" name="RunCR_DataCall" time="110.141"/>
  <testcase classname="Automation.IAQ.dataCalls.CR_DataCall" name="RunCR_DataCall" time="105.851"/>
  <testcase classname="Automation.IAQ.dataCalls.CR_DataCall" name="RunCR_DataCall" time="107.776"/>
</testsuite> <!-- Automation.IAQ.dataCalls.CR_DataCall -->
