<?xml version="1.0" encoding="UTF-8"?>
<!-- Generated by org.testng.reporters.JUnitReportReporter -->
<testsuite hostname="BWCDPH2" failures="0" tests="25" name="Automation.Claims.Claim_Payment_Notes_RunTest" time="216.675" errors="0" timestamp="01 May 2018 14:41:22 GMT" skipped="0">
  <testcase classname="Automation.Claims.Claim_Payment_Notes_RunTest" name="Run_Claim_Payment_Notes" time="9.232"/>
  <testcase classname="Automation.Claims.Claim_Payment_Notes_RunTest" name="Run_Claim_Payment_Notes" time="9.451"/>
  <testcase classname="Automation.Claims.Claim_Payment_Notes_RunTest" name="Run_Claim_Payment_Notes" time="7.683"/>
  <testcase classname="Automation.Claims.Claim_Payment_Notes_RunTest" name="Run_Claim_Payment_Notes" time="8.936"/>
  <testcase classname="Automation.Claims.Claim_Payment_Notes_RunTest" name="Run_Claim_Payment_Notes" time="7.591"/>
  <testcase classname="Automation.Claims.Claim_Payment_Notes_RunTest" name="Run_Claim_Payment_Notes" time="7.755"/>
  <testcase classname="Automation.Claims.Claim_Payment_Notes_RunTest" name="Run_Claim_Payment_Notes" time="7.414"/>
  <testcase classname="Automation.Claims.Claim_Payment_Notes_RunTest" name="Run_Claim_Payment_Notes" time="10.606"/>
  <testcase classname="Automation.Claims.Claim_Payment_Notes_RunTest" name="Run_Claim_Payment_Notes" time="7.720"/>
  <testcase classname="Automation.Claims.Claim_Payment_Notes_RunTest" name="Run_Claim_Payment_Notes" time="9.294"/>
  <testcase classname="Automation.Claims.Claim_Payment_Notes_RunTest" name="Run_Claim_Payment_Notes" time="8.954"/>
  <testcase classname="Automation.Claims.Claim_Payment_Notes_RunTest" name="Run_Claim_Payment_Notes" time="10.699"/>
  <testcase classname="Automation.Claims.Claim_Payment_Notes_RunTest" name="Run_Claim_Payment_Notes" time="10.230"/>
  <testcase classname="Automation.Claims.Claim_Payment_Notes_RunTest" name="Run_Claim_Payment_Notes" time="7.755"/>
  <testcase classname="Automation.Claims.Claim_Payment_Notes_RunTest" name="Run_Claim_Payment_Notes" time="9.725"/>
  <testcase classname="Automation.Claims.Claim_Payment_Notes_RunTest" name="Run_Claim_Payment_Notes" time="7.228"/>
  <testcase classname="Automation.Claims.Claim_Payment_Notes_RunTest" name="Run_Claim_Payment_Notes" time="8.582"/>
  <testcase classname="Automation.Claims.Claim_Payment_Notes_RunTest" name="Run_Claim_Payment_Notes" time="7.254"/>
  <testcase classname="Automation.Claims.Claim_Payment_Notes_RunTest" name="Run_Claim_Payment_Notes" time="9.290"/>
  <testcase classname="Automation.Claims.Claim_Payment_Notes_RunTest" name="Run_Claim_Payment_Notes" time="8.176"/>
  <testcase classname="Automation.Claims.Claim_Payment_Notes_RunTest" name="Run_Claim_Payment_Notes" time="9.109"/>
  <testcase classname="Automation.Claims.Claim_Payment_Notes_RunTest" name="Run_Claim_Payment_Notes" time="9.027"/>
  <testcase classname="Automation.Claims.Claim_Payment_Notes_RunTest" name="Run_Claim_Payment_Notes" time="7.844"/>
  <testcase classname="Automation.Claims.Claim_Payment_Notes_RunTest" name="Run_Claim_Payment_Notes" time="9.980"/>
  <testcase classname="Automation.Claims.Claim_Payment_Notes_RunTest" name="Run_Claim_Payment_Notes" time="7.140"/>
</testsuite> <!-- Automation.Claims.Claim_Payment_Notes_RunTest -->
