<?xml version="1.0" encoding="UTF-8"?>
<!-- Generated by org.testng.reporters.JUnitReportReporter -->
<testsuite skipped="0" hostname="D572R1G2" name="Automation.IAQ.Testing.Rates.TN.Rates_HO6" tests="1" failures="0" timestamp="01 Mar 2019 14:40:59 GMT" time="222.271" errors="0">
  <testcase name="RunRates_HO6" time="222.271" classname="Automation.IAQ.Testing.Rates.TN.Rates_HO6"/>
</testsuite> <!-- Automation.IAQ.Testing.Rates.TN.Rates_HO6 -->
