<?xml version="1.0" encoding="UTF-8"?>
<!-- Generated by org.testng.reporters.JUnitReportReporter -->
<testsuite skipped="0" hostname="D572R1G2" name="Automation.IAQ.Testing.Rates.OH.Rates_HO3" tests="1" failures="0" timestamp="11 Mar 2019 20:13:32 GMT" time="561.117" errors="0">
  <testcase name="RunRates_HO3" time="561.117" classname="Automation.IAQ.Testing.Rates.OH.Rates_HO3"/>
</testsuite> <!-- Automation.IAQ.Testing.Rates.OH.Rates_HO3 -->
