<?xml version="1.0" encoding="UTF-8"?>
<!-- Generated by org.testng.reporters.JUnitReportReporter -->
<testsuite hostname="D572R1G2" failures="0" tests="2" name="Automation.IAQ.Rates.TX.Rates_HO6" time="3.145" errors="2" timestamp="25 Jan 2019 17:47:42 GMT" skipped="0">
  <testcase classname="Automation.IAQ.Rates.TX.Rates_HO6" name="EndBatch" time="0.000">
    <error message="No reporters were started. Atleast 1 reporter must be started to flush results." type="java.lang.IllegalStateException">
      <![CDATA[java.lang.IllegalStateException: No reporters were started. Atleast 1 reporter must be started to flush results.
at com.aventstack.extentreports.Report.flush(Report.java:182)
at com.aventstack.extentreports.ExtentReports.flush(ExtentReports.java:281)
at Automation.IAQ.Rates.TX.Rates_HO6.EndBatch(Rates_HO6.java:575)
at java.base/jdk.internal.reflect.NativeMethodAccessorImpl.invoke0(Native Method)
at java.base/jdk.internal.reflect.NativeMethodAccessorImpl.invoke(NativeMethodAccessorImpl.java:62)
at java.base/jdk.internal.reflect.DelegatingMethodAccessorImpl.invoke(DelegatingMethodAccessorImpl.java:43)
at java.base/java.lang.reflect.Method.invoke(Method.java:564)
at org.testng.internal.MethodInvocationHelper.invokeMethod(MethodInvocationHelper.java:124)
at org.testng.internal.MethodInvocationHelper.invokeMethodConsideringTimeout(MethodInvocationHelper.java:59)
at org.testng.internal.Invoker.invokeConfigurationMethod(Invoker.java:458)
at org.testng.internal.Invoker.invokeConfigurations(Invoker.java:222)
at org.testng.internal.Invoker.invokeConfigurations(Invoker.java:142)
at org.testng.TestRunner.afterRun(TestRunner.java:725)
at org.testng.TestRunner.run(TestRunner.java:509)
at org.testng.SuiteRunner.runTest(SuiteRunner.java:455)
at org.testng.SuiteRunner.runSequentially(SuiteRunner.java:450)
at org.testng.SuiteRunner.privateRun(SuiteRunner.java:415)
at org.testng.SuiteRunner.run(SuiteRunner.java:364)
at org.testng.SuiteRunnerWorker.runSuite(SuiteRunnerWorker.java:52)
at org.testng.SuiteRunnerWorker.run(SuiteRunnerWorker.java:84)
at org.testng.TestNG.runSuitesSequentially(TestNG.java:1208)
at org.testng.TestNG.runSuitesLocally(TestNG.java:1137)
at org.testng.TestNG.runSuites(TestNG.java:1049)
at org.testng.TestNG.run(TestNG.java:1017)
at org.testng.remote.AbstractRemoteTestNG.run(AbstractRemoteTestNG.java:114)
at org.testng.remote.RemoteTestNG.initAndRun(RemoteTestNG.java:251)
at org.testng.remote.RemoteTestNG.main(RemoteTestNG.java:77)
]]>
    </error>
  </testcase> <!-- EndBatch -->
  <testcase classname="Automation.IAQ.Rates.TX.Rates_HO6" name="RunRates_HO6" time="3.145">
    <error message="
Data provider mismatch
Method: RunRates_HO6([Parameter{index=0, type=java.lang.String, declaredAnnotations=[]}, Parameter{index=1, type=java.lang.String, declaredAnnotations=[]}, Parameter{index=2, type=java.lang.String, declaredAnnotations=[]}, Parameter{index=3, type=java.lang.String, declaredAnnotations=[]}, Parameter{index=4, type=java.lang.String, declaredAnnotations=[]}, Parameter{index=5, type=java.lang.String, declaredAnnotations=[]}, Parameter{index=6, type=java.lang.String, declaredAnnotations=[]}, Parameter{index=7, type=java.lang.String, declaredAnnotations=[]}, Parameter{index=8, type=java.lang.String, declaredAnnotations=[]}, Parameter{index=9, type=java.lang.String, declaredAnnotations=[]}, Parameter{index=10, type=java.lang.String, declaredAnnotations=[]}, Parameter{index=11, type=java.lang.String, declaredAnnotations=[]}, Parameter{index=12, type=java.lang.String, declaredAnnotations=[]}, Parameter{index=13, type=java.lang.String, declaredAnnotations=[]}, Parameter{index=14, type=java.lang.String, declaredAnnotations=[]}, Parameter{index=15, type=java.lang.String, declaredAnnotations=[]}, Parameter{index=16, type=java.lang.String, declaredAnnotations=[]}, Parameter{index=17, type=java.lang.String, declaredAnnotations=[]}, Parameter{index=18, type=java.lang.String, declaredAnnotations=[]}, Parameter{index=19, type=java.lang.String, declaredAnnotations=[]}, Parameter{index=20, type=java.lang.String, declaredAnnotations=[]}, Parameter{index=21, type=java.lang.String, declaredAnnotations=[]}, Parameter{index=22, type=java.lang.String, declaredAnnotations=[]}, Parameter{index=23, type=java.lang.String, declaredAnnotations=[]}, Parameter{index=24, type=java.lang.String, declaredAnnotations=[]}, Parameter{index=25, type=java.lang.String, declaredAnnotations=[]}, Parameter{index=26, type=java.lang.String, declaredAnnotations=[]}, Parameter{index=27, type=java.lang.String, declaredAnnotations=[]}, Parameter{index=28, type=java.lang.String, declaredAnnotations=[]}, Parameter{index=29, type=java.lang.String, declaredAnnotations=[]}, Parameter{index=30, type=java.lang.String, declaredAnnotations=[]}, Parameter{index=31, type=java.lang.String, declaredAnnotations=[]}, Parameter{index=32, type=java.lang.String, declaredAnnotations=[]}, Parameter{index=33, type=java.lang.String, declaredAnnotations=[]}, Parameter{index=34, type=java.lang.String, declaredAnnotations=[]}, Parameter{index=35, type=java.lang.String, declaredAnnotations=[]}, Parameter{index=36, type=java.lang.String, declaredAnnotations=[]}, Parameter{index=37, type=java.lang.String, declaredAnnotations=[]}, Parameter{index=38, type=java.lang.String, declaredAnnotations=[]}, Parameter{index=39, type=java.lang.String, declaredAnnotations=[]}, Parameter{index=40, type=java.lang.String, declaredAnnotations=[]}, Parameter{index=41, type=java.lang.String, declaredAnnotations=[]}, Parameter{index=42, type=java.lang.String, declaredAnnotations=[]}, Parameter{index=43, type=java.lang.String, declaredAnnotations=[]}, Parameter{index=44, type=java.lang.String, declaredAnnotations=[]}, Parameter{index=45, type=java.lang.String, declaredAnnotations=[]}, Parameter{index=46, type=java.lang.String, declaredAnnotations=[]}, Parameter{index=47, type=java.lang.String, declaredAnnotations=[]}, Parameter{index=48, type=java.lang.String, declaredAnnotations=[]}, Parameter{index=49, type=java.lang.String, declaredAnnotations=[]}, Parameter{index=50, type=java.lang.String, declaredAnnotations=[]}, Parameter{index=51, type=java.lang.String, declaredAnnotations=[]}, Parameter{index=52, type=java.lang.String, declaredAnnotations=[]}, Parameter{index=53, type=java.lang.String, declaredAnnotations=[]}, Parameter{index=54, type=java.lang.String, declaredAnnotations=[]}, Parameter{index=55, type=java.lang.String, declaredAnnotations=[]}, Parameter{index=56, type=java.lang.String, declaredAnnotations=[]}, Parameter{index=57, type=java.lang.String, declaredAnnotations=[]}, Parameter{index=58, type=java.lang.String, declaredAnnotations=[]}, Parameter{index=59, type=java.lang.String, declaredAnnotations=[]}, Parameter{index=60, type=java.lang.String, declaredAnnotations=[]}, Parameter{index=61, type=java.lang.String, declaredAnnotations=[]}, Parameter{index=62, type=java.lang.String, declaredAnnotations=[]}, Parameter{index=63, type=java.lang.String, declaredAnnotations=[]}, Parameter{index=64, type=java.lang.String, declaredAnnotations=[]}, Parameter{index=65, type=java.lang.String, declaredAnnotations=[]}, Parameter{index=66, type=java.lang.String, declaredAnnotations=[]}, Parameter{index=67, type=java.lang.String, declaredAnnotations=[]}, Parameter{index=68, type=java.lang.String, declaredAnnotations=[]}, Parameter{index=69, type=java.lang.String, declaredAnnotations=[]}, Parameter{index=70, type=java.lang.String, declaredAnnotations=[]}, Parameter{index=71, type=java.lang.String, declaredAnnotations=[]}, Parameter{index=72, type=java.lang.String, declaredAnnotations=[]}, Parameter{index=73, type=java.lang.String, declaredAnnotations=[]}, Parameter{index=74, type=java.lang.String, declaredAnnotations=[]}, Parameter{index=75, type=java.lang.String, declaredAnnotations=[]}, Parameter{index=76, type=java.lang.String, declaredAnnotations=[]}, Parameter{index=77, type=java.lang.String, declaredAnnotations=[]}, Parameter{index=78, type=java.lang.String, declaredAnnotations=[]}, Parameter{index=79, type=java.lang.String, declaredAnnotations=[]}, Parameter{index=80, type=java.lang.String, declaredAnnotations=[]}, Parameter{index=81, type=java.lang.String, declaredAnnotations=[]}, Parameter{index=82, type=java.lang.String, declaredAnnotations=[]}, Parameter{index=83, type=java.lang.String, declaredAnnotations=[]}, Parameter{index=84, type=java.lang.String, declaredAnnotations=[]}, Parameter{index=85, type=java.lang.String, declaredAnnotations=[]}, Parameter{index=86, type=java.lang.String, declaredAnnotations=[]}, Parameter{index=87, type=java.lang.String, declaredAnnotations=[]}, Parameter{index=88, type=java.lang.String, declaredAnnotations=[]}, Parameter{index=89, type=java.lang.String, declaredAnnotations=[]}, Parameter{index=90, type=java.lang.String, declaredAnnotations=[]}, Parameter{index=91, type=java.lang.String, declaredAnnotations=[]}, Parameter{index=92, type=java.lang.String, declaredAnnotations=[]}, Parameter{index=93, type=java.lang.String, declaredAnnotations=[]}, Parameter{index=94, type=java.lang.String, declaredAnnotations=[]}, Parameter{index=95, type=java.lang.String, declaredAnnotations=[]}])
Arguments: [(java.lang.String) Case1,(java.lang.String) TX,(java.lang.String) HO6,(java.lang.String) 53134,(java.lang.String) 446490,(java.lang.String) TXHO6FairPlan1,(java.lang.String) StagingRoundOne,(java.lang.String) 4600 Aldine Bender Rd,(java.lang.String) RM 239,(java.lang.String) NORTH HOUSTON,(java.lang.String) 77315,(java.lang.String) 01252019,(java.lang.String) N/A,(java.lang.String) 1,(java.lang.String) Frame,(java.lang.String) N/A,(java.lang.String) N/A,(java.lang.String) Gable,(java.lang.String) N/A,(java.lang.String) 2018,(java.lang.String) Single,(java.lang.String) N/A,(java.lang.String) 01011987,(java.lang.String) N/A,(java.lang.String) 20000,(java.lang.String) N/A,(java.lang.String) 0,(java.lang.String) N/A,(java.lang.String) $100,000,(java.lang.String) $1,000,(java.lang.String) N/A,(java.lang.String) None,(java.lang.String) N/A,(java.lang.String) N/A,(java.lang.String) N,(java.lang.String) N/A,(java.lang.String) 0,(java.lang.String) 300,(java.lang.String) NO HIT,(java.lang.String) $500,(java.lang.String) $500,(java.lang.String) N/A,(java.lang.String) None,(java.lang.String) N,(java.lang.String) N/A,(java.lang.String) No,(java.lang.String) Smoke Alarm,(java.lang.String) N,(java.lang.String) N/A,(java.lang.String) No,(java.lang.String) N/A,(java.lang.String) N/A,(java.lang.String) N/A,(java.lang.String) N/A,(java.lang.String) N/A,(java.lang.String) N/A,(java.lang.String) N,(java.lang.String) N/A,(java.lang.String) N,(java.lang.String) N/A,(java.lang.String) N,(java.lang.String) None,(java.lang.String) 0,(java.lang.String) 0,(java.lang.String) 0,(java.lang.String) N/A,(java.lang.String) N/A,(java.lang.String) N/A,(java.lang.String) 0,(java.lang.String) No Floors Above,(java.lang.String) No,(java.lang.String) N,(java.lang.String) N/A,(java.lang.String) N/A,(java.lang.String) No,(java.lang.String) N/A,(java.lang.String) N/A,(java.lang.String) N/A,(java.lang.String) None,(java.lang.String) N/A,(java.lang.String) N/A,(java.lang.String) N/A,(java.lang.String) N/A,(java.lang.String) N/A,(java.lang.String) N/A,(java.lang.String) N/A,(java.lang.String) N/A,(java.lang.String) N/A,(java.lang.String) N/A,(java.lang.String) N/A,(java.lang.String) N/A,(java.lang.String) N/A,(java.lang.String) N/A,(java.lang.String) N/A,(java.lang.String) 230]" type="org.testng.internal.reflect.MethodMatcherException">
      <![CDATA[org.testng.internal.reflect.MethodMatcherException: 
Data provider mismatch
Method: RunRates_HO6([Parameter{index=0, type=java.lang.String, declaredAnnotations=[]}, Parameter{index=1, type=java.lang.String, declaredAnnotations=[]}, Parameter{index=2, type=java.lang.String, declaredAnnotations=[]}, Parameter{index=3, type=java.lang.String, declaredAnnotations=[]}, Parameter{index=4, type=java.lang.String, declaredAnnotations=[]}, Parameter{index=5, type=java.lang.String, declaredAnnotations=[]}, Parameter{index=6, type=java.lang.String, declaredAnnotations=[]}, Parameter{index=7, type=java.lang.String, declaredAnnotations=[]}, Parameter{index=8, type=java.lang.String, declaredAnnotations=[]}, Parameter{index=9, type=java.lang.String, declaredAnnotations=[]}, Parameter{index=10, type=java.lang.String, declaredAnnotations=[]}, Parameter{index=11, type=java.lang.String, declaredAnnotations=[]}, Parameter{index=12, type=java.lang.String, declaredAnnotations=[]}, Parameter{index=13, type=java.lang.String, declaredAnnotations=[]}, Parameter{index=14, type=java.lang.String, declaredAnnotations=[]}, Parameter{index=15, type=java.lang.String, declaredAnnotations=[]}, Parameter{index=16, type=java.lang.String, declaredAnnotations=[]}, Parameter{index=17, type=java.lang.String, declaredAnnotations=[]}, Parameter{index=18, type=java.lang.String, declaredAnnotations=[]}, Parameter{index=19, type=java.lang.String, declaredAnnotations=[]}, Parameter{index=20, type=java.lang.String, declaredAnnotations=[]}, Parameter{index=21, type=java.lang.String, declaredAnnotations=[]}, Parameter{index=22, type=java.lang.String, declaredAnnotations=[]}, Parameter{index=23, type=java.lang.String, declaredAnnotations=[]}, Parameter{index=24, type=java.lang.String, declaredAnnotations=[]}, Parameter{index=25, type=java.lang.String, declaredAnnotations=[]}, Parameter{index=26, type=java.lang.String, declaredAnnotations=[]}, Parameter{index=27, type=java.lang.String, declaredAnnotations=[]}, Parameter{index=28, type=java.lang.String, declaredAnnotations=[]}, Parameter{index=29, type=java.lang.String, declaredAnnotations=[]}, Parameter{index=30, type=java.lang.String, declaredAnnotations=[]}, Parameter{index=31, type=java.lang.String, declaredAnnotations=[]}, Parameter{index=32, type=java.lang.String, declaredAnnotations=[]}, Parameter{index=33, type=java.lang.String, declaredAnnotations=[]}, Parameter{index=34, type=java.lang.String, declaredAnnotations=[]}, Parameter{index=35, type=java.lang.String, declaredAnnotations=[]}, Parameter{index=36, type=java.lang.String, declaredAnnotations=[]}, Parameter{index=37, type=java.lang.String, declaredAnnotations=[]}, Parameter{index=38, type=java.lang.String, declaredAnnotations=[]}, Parameter{index=39, type=java.lang.String, declaredAnnotations=[]}, Parameter{index=40, type=java.lang.String, declaredAnnotations=[]}, Parameter{index=41, type=java.lang.String, declaredAnnotations=[]}, Parameter{index=42, type=java.lang.String, declaredAnnotations=[]}, Parameter{index=43, type=java.lang.String, declaredAnnotations=[]}, Parameter{index=44, type=java.lang.String, declaredAnnotations=[]}, Parameter{index=45, type=java.lang.String, declaredAnnotations=[]}, Parameter{index=46, type=java.lang.String, declaredAnnotations=[]}, Parameter{index=47, type=java.lang.String, declaredAnnotations=[]}, Parameter{index=48, type=java.lang.String, declaredAnnotations=[]}, Parameter{index=49, type=java.lang.String, declaredAnnotations=[]}, Parameter{index=50, type=java.lang.String, declaredAnnotations=[]}, Parameter{index=51, type=java.lang.String, declaredAnnotations=[]}, Parameter{index=52, type=java.lang.String, declaredAnnotations=[]}, Parameter{index=53, type=java.lang.String, declaredAnnotations=[]}, Parameter{index=54, type=java.lang.String, declaredAnnotations=[]}, Parameter{index=55, type=java.lang.String, declaredAnnotations=[]}, Parameter{index=56, type=java.lang.String, declaredAnnotations=[]}, Parameter{index=57, type=java.lang.String, declaredAnnotations=[]}, Parameter{index=58, type=java.lang.String, declaredAnnotations=[]}, Parameter{index=59, type=java.lang.String, declaredAnnotations=[]}, Parameter{index=60, type=java.lang.String, declaredAnnotations=[]}, Parameter{index=61, type=java.lang.String, declaredAnnotations=[]}, Parameter{index=62, type=java.lang.String, declaredAnnotations=[]}, Parameter{index=63, type=java.lang.String, declaredAnnotations=[]}, Parameter{index=64, type=java.lang.String, declaredAnnotations=[]}, Parameter{index=65, type=java.lang.String, declaredAnnotations=[]}, Parameter{index=66, type=java.lang.String, declaredAnnotations=[]}, Parameter{index=67, type=java.lang.String, declaredAnnotations=[]}, Parameter{index=68, type=java.lang.String, declaredAnnotations=[]}, Parameter{index=69, type=java.lang.String, declaredAnnotations=[]}, Parameter{index=70, type=java.lang.String, declaredAnnotations=[]}, Parameter{index=71, type=java.lang.String, declaredAnnotations=[]}, Parameter{index=72, type=java.lang.String, declaredAnnotations=[]}, Parameter{index=73, type=java.lang.String, declaredAnnotations=[]}, Parameter{index=74, type=java.lang.String, declaredAnnotations=[]}, Parameter{index=75, type=java.lang.String, declaredAnnotations=[]}, Parameter{index=76, type=java.lang.String, declaredAnnotations=[]}, Parameter{index=77, type=java.lang.String, declaredAnnotations=[]}, Parameter{index=78, type=java.lang.String, declaredAnnotations=[]}, Parameter{index=79, type=java.lang.String, declaredAnnotations=[]}, Parameter{index=80, type=java.lang.String, declaredAnnotations=[]}, Parameter{index=81, type=java.lang.String, declaredAnnotations=[]}, Parameter{index=82, type=java.lang.String, declaredAnnotations=[]}, Parameter{index=83, type=java.lang.String, declaredAnnotations=[]}, Parameter{index=84, type=java.lang.String, declaredAnnotations=[]}, Parameter{index=85, type=java.lang.String, declaredAnnotations=[]}, Parameter{index=86, type=java.lang.String, declaredAnnotations=[]}, Parameter{index=87, type=java.lang.String, declaredAnnotations=[]}, Parameter{index=88, type=java.lang.String, declaredAnnotations=[]}, Parameter{index=89, type=java.lang.String, declaredAnnotations=[]}, Parameter{index=90, type=java.lang.String, declaredAnnotations=[]}, Parameter{index=91, type=java.lang.String, declaredAnnotations=[]}, Parameter{index=92, type=java.lang.String, declaredAnnotations=[]}, Parameter{index=93, type=java.lang.String, declaredAnnotations=[]}, Parameter{index=94, type=java.lang.String, declaredAnnotations=[]}, Parameter{index=95, type=java.lang.String, declaredAnnotations=[]}])
Arguments: [(java.lang.String) Case1,(java.lang.String) TX,(java.lang.String) HO6,(java.lang.String) 53134,(java.lang.String) 446490,(java.lang.String) TXHO6FairPlan1,(java.lang.String) StagingRoundOne,(java.lang.String) 4600 Aldine Bender Rd,(java.lang.String) RM 239,(java.lang.String) NORTH HOUSTON,(java.lang.String) 77315,(java.lang.String) 01252019,(java.lang.String) N/A,(java.lang.String) 1,(java.lang.String) Frame,(java.lang.String) N/A,(java.lang.String) N/A,(java.lang.String) Gable,(java.lang.String) N/A,(java.lang.String) 2018,(java.lang.String) Single,(java.lang.String) N/A,(java.lang.String) 01011987,(java.lang.String) N/A,(java.lang.String) 20000,(java.lang.String) N/A,(java.lang.String) 0,(java.lang.String) N/A,(java.lang.String) $100,000,(java.lang.String) $1,000,(java.lang.String) N/A,(java.lang.String) None,(java.lang.String) N/A,(java.lang.String) N/A,(java.lang.String) N,(java.lang.String) N/A,(java.lang.String) 0,(java.lang.String) 300,(java.lang.String) NO HIT,(java.lang.String) $500,(java.lang.String) $500,(java.lang.String) N/A,(java.lang.String) None,(java.lang.String) N,(java.lang.String) N/A,(java.lang.String) No,(java.lang.String) Smoke Alarm,(java.lang.String) N,(java.lang.String) N/A,(java.lang.String) No,(java.lang.String) N/A,(java.lang.String) N/A,(java.lang.String) N/A,(java.lang.String) N/A,(java.lang.String) N/A,(java.lang.String) N/A,(java.lang.String) N,(java.lang.String) N/A,(java.lang.String) N,(java.lang.String) N/A,(java.lang.String) N,(java.lang.String) None,(java.lang.String) 0,(java.lang.String) 0,(java.lang.String) 0,(java.lang.String) N/A,(java.lang.String) N/A,(java.lang.String) N/A,(java.lang.String) 0,(java.lang.String) No Floors Above,(java.lang.String) No,(java.lang.String) N,(java.lang.String) N/A,(java.lang.String) N/A,(java.lang.String) No,(java.lang.String) N/A,(java.lang.String) N/A,(java.lang.String) N/A,(java.lang.String) None,(java.lang.String) N/A,(java.lang.String) N/A,(java.lang.String) N/A,(java.lang.String) N/A,(java.lang.String) N/A,(java.lang.String) N/A,(java.lang.String) N/A,(java.lang.String) N/A,(java.lang.String) N/A,(java.lang.String) N/A,(java.lang.String) N/A,(java.lang.String) N/A,(java.lang.String) N/A,(java.lang.String) N/A,(java.lang.String) N/A,(java.lang.String) 230]
at org.testng.internal.reflect.DataProviderMethodMatcher.getConformingArguments(DataProviderMethodMatcher.java:45)
at org.testng.internal.Parameters.injectParameters(Parameters.java:796)
at org.testng.internal.Invoker.invokeTestMethods(Invoker.java:983)
at org.testng.internal.TestMethodWorker.invokeTestMethods(TestMethodWorker.java:125)
at org.testng.internal.TestMethodWorker.run(TestMethodWorker.java:109)
at org.testng.TestRunner.privateRun(TestRunner.java:648)
at org.testng.TestRunner.run(TestRunner.java:505)
at org.testng.SuiteRunner.runTest(SuiteRunner.java:455)
at org.testng.SuiteRunner.runSequentially(SuiteRunner.java:450)
at org.testng.SuiteRunner.privateRun(SuiteRunner.java:415)
at org.testng.SuiteRunner.run(SuiteRunner.java:364)
at org.testng.SuiteRunnerWorker.runSuite(SuiteRunnerWorker.java:52)
at org.testng.SuiteRunnerWorker.run(SuiteRunnerWorker.java:84)
at org.testng.TestNG.runSuitesSequentially(TestNG.java:1208)
at org.testng.TestNG.runSuitesLocally(TestNG.java:1137)
at org.testng.TestNG.runSuites(TestNG.java:1049)
at org.testng.TestNG.run(TestNG.java:1017)
at org.testng.remote.AbstractRemoteTestNG.run(AbstractRemoteTestNG.java:114)
at org.testng.remote.RemoteTestNG.initAndRun(RemoteTestNG.java:251)
at org.testng.remote.RemoteTestNG.main(RemoteTestNG.java:77)
]]>
    </error>
  </testcase> <!-- RunRates_HO6 -->
</testsuite> <!-- Automation.IAQ.Rates.TX.Rates_HO6 -->
