<?xml version="1.0" encoding="UTF-8"?>
<!-- Generated by org.testng.reporters.JUnitReportReporter -->
<testsuite skipped="0" hostname="D572R1G2" name="Automation.IAQ.Testing.Rates.KS.Rates_HO3" tests="9" failures="0" timestamp="19 Mar 2019 20:42:14 GMT" time="2434.850" errors="0">
  <testcase name="RunRates_HO3" time="271.321" classname="Automation.IAQ.Testing.Rates.KS.Rates_HO3"/>
  <testcase name="RunRates_HO3" time="272.849" classname="Automation.IAQ.Testing.Rates.KS.Rates_HO3"/>
  <testcase name="RunRates_HO3" time="275.129" classname="Automation.IAQ.Testing.Rates.KS.Rates_HO3"/>
  <testcase name="RunRates_HO3" time="282.617" classname="Automation.IAQ.Testing.Rates.KS.Rates_HO3"/>
  <testcase name="RunRates_HO3" time="260.419" classname="Automation.IAQ.Testing.Rates.KS.Rates_HO3"/>
  <testcase name="RunRates_HO3" time="277.167" classname="Automation.IAQ.Testing.Rates.KS.Rates_HO3"/>
  <testcase name="RunRates_HO3" time="268.086" classname="Automation.IAQ.Testing.Rates.KS.Rates_HO3"/>
  <testcase name="RunRates_HO3" time="257.081" classname="Automation.IAQ.Testing.Rates.KS.Rates_HO3"/>
  <testcase name="RunRates_HO3" time="270.181" classname="Automation.IAQ.Testing.Rates.KS.Rates_HO3"/>
</testsuite> <!-- Automation.IAQ.Testing.Rates.KS.Rates_HO3 -->
