<?xml version="1.0" encoding="UTF-8"?>
<!-- Generated by org.testng.reporters.JUnitReportReporter -->
<testsuite hostname="D572R1G2" failures="0" tests="1" name="Automation.IAQ.Rates.IA.Rates_HO4" time="166.637" errors="0" timestamp="16 Oct 2018 18:09:28 GMT" skipped="0">
  <testcase classname="Automation.IAQ.Rates.IA.Rates_HO4" name="RunRates_HO4" time="166.637"/>
</testsuite> <!-- Automation.IAQ.Rates.IA.Rates_HO4 -->
