<?xml version="1.0" encoding="UTF-8"?>
<!-- Generated by org.testng.reporters.JUnitReportReporter -->
<testsuite hostname="D572R1G2" failures="0" tests="40" name="Automation.IAQ.dataCalls.DP_DataCalls" time="2731.129" errors="0" timestamp="17 Dec 2018 19:53:20 GMT" skipped="0">
  <testcase classname="Automation.IAQ.dataCalls.DP_DataCalls" name="RunDP_DataCall" time="63.654"/>
  <testcase classname="Automation.IAQ.dataCalls.DP_DataCalls" name="RunDP_DataCall" time="70.683"/>
  <testcase classname="Automation.IAQ.dataCalls.DP_DataCalls" name="RunDP_DataCall" time="73.775"/>
  <testcase classname="Automation.IAQ.dataCalls.DP_DataCalls" name="RunDP_DataCall" time="57.454"/>
  <testcase classname="Automation.IAQ.dataCalls.DP_DataCalls" name="RunDP_DataCall" time="62.532"/>
  <testcase classname="Automation.IAQ.dataCalls.DP_DataCalls" name="RunDP_DataCall" time="69.299"/>
  <testcase classname="Automation.IAQ.dataCalls.DP_DataCalls" name="RunDP_DataCall" time="67.170"/>
  <testcase classname="Automation.IAQ.dataCalls.DP_DataCalls" name="RunDP_DataCall" time="73.807"/>
  <testcase classname="Automation.IAQ.dataCalls.DP_DataCalls" name="RunDP_DataCall" time="68.061"/>
  <testcase classname="Automation.IAQ.dataCalls.DP_DataCalls" name="RunDP_DataCall" time="79.212"/>
  <testcase classname="Automation.IAQ.dataCalls.DP_DataCalls" name="RunDP_DataCall" time="60.540"/>
  <testcase classname="Automation.IAQ.dataCalls.DP_DataCalls" name="RunDP_DataCall" time="62.565"/>
  <testcase classname="Automation.IAQ.dataCalls.DP_DataCalls" name="RunDP_DataCall" time="57.419"/>
  <testcase classname="Automation.IAQ.dataCalls.DP_DataCalls" name="RunDP_DataCall" time="75.442"/>
  <testcase classname="Automation.IAQ.dataCalls.DP_DataCalls" name="RunDP_DataCall" time="79.528"/>
  <testcase classname="Automation.IAQ.dataCalls.DP_DataCalls" name="RunDP_DataCall" time="66.510"/>
  <testcase classname="Automation.IAQ.dataCalls.DP_DataCalls" name="RunDP_DataCall" time="66.284"/>
  <testcase classname="Automation.IAQ.dataCalls.DP_DataCalls" name="RunDP_DataCall" time="68.841"/>
  <testcase classname="Automation.IAQ.dataCalls.DP_DataCalls" name="RunDP_DataCall" time="70.711"/>
  <testcase classname="Automation.IAQ.dataCalls.DP_DataCalls" name="RunDP_DataCall" time="72.206"/>
  <testcase classname="Automation.IAQ.dataCalls.DP_DataCalls" name="RunDP_DataCall" time="50.627"/>
  <testcase classname="Automation.IAQ.dataCalls.DP_DataCalls" name="RunDP_DataCall" time="71.967"/>
  <testcase classname="Automation.IAQ.dataCalls.DP_DataCalls" name="RunDP_DataCall" time="75.925"/>
  <testcase classname="Automation.IAQ.dataCalls.DP_DataCalls" name="RunDP_DataCall" time="70.589"/>
  <testcase classname="Automation.IAQ.dataCalls.DP_DataCalls" name="RunDP_DataCall" time="75.145"/>
  <testcase classname="Automation.IAQ.dataCalls.DP_DataCalls" name="RunDP_DataCall" time="62.848"/>
  <testcase classname="Automation.IAQ.dataCalls.DP_DataCalls" name="RunDP_DataCall" time="83.589"/>
  <testcase classname="Automation.IAQ.dataCalls.DP_DataCalls" name="RunDP_DataCall" time="53.498"/>
  <testcase classname="Automation.IAQ.dataCalls.DP_DataCalls" name="RunDP_DataCall" time="55.156"/>
  <testcase classname="Automation.IAQ.dataCalls.DP_DataCalls" name="RunDP_DataCall" time="64.906"/>
  <testcase classname="Automation.IAQ.dataCalls.DP_DataCalls" name="RunDP_DataCall" time="65.766"/>
  <testcase classname="Automation.IAQ.dataCalls.DP_DataCalls" name="RunDP_DataCall" time="46.358"/>
  <testcase classname="Automation.IAQ.dataCalls.DP_DataCalls" name="RunDP_DataCall" time="82.916"/>
  <testcase classname="Automation.IAQ.dataCalls.DP_DataCalls" name="RunDP_DataCall" time="78.732"/>
  <testcase classname="Automation.IAQ.dataCalls.DP_DataCalls" name="RunDP_DataCall" time="73.087"/>
  <testcase classname="Automation.IAQ.dataCalls.DP_DataCalls" name="RunDP_DataCall" time="76.533"/>
  <testcase classname="Automation.IAQ.dataCalls.DP_DataCalls" name="RunDP_DataCall" time="69.028"/>
  <testcase classname="Automation.IAQ.dataCalls.DP_DataCalls" name="RunDP_DataCall" time="69.149"/>
  <testcase classname="Automation.IAQ.dataCalls.DP_DataCalls" name="RunDP_DataCall" time="69.099"/>
  <testcase classname="Automation.IAQ.dataCalls.DP_DataCalls" name="RunDP_DataCall" time="70.518"/>
</testsuite> <!-- Automation.IAQ.dataCalls.DP_DataCalls -->
