<?xml version="1.0" encoding="UTF-8"?>
<!-- Generated by org.testng.reporters.JUnitReportReporter -->
<testsuite hostname="D572R1G2" failures="0" tests="6" name="Automation.IAQ.Rates.GA.Rates_HO3" time="1799.999" errors="0" timestamp="04 Jan 2019 19:52:42 GMT" skipped="0">
  <testcase classname="Automation.IAQ.Rates.GA.Rates_HO3" name="RunRates_HO3" time="300.159"/>
  <testcase classname="Automation.IAQ.Rates.GA.Rates_HO3" name="RunRates_HO3" time="324.898"/>
  <testcase classname="Automation.IAQ.Rates.GA.Rates_HO3" name="RunRates_HO3" time="289.542"/>
  <testcase classname="Automation.IAQ.Rates.GA.Rates_HO3" name="RunRates_HO3" time="299.567"/>
  <testcase classname="Automation.IAQ.Rates.GA.Rates_HO3" name="RunRates_HO3" time="266.077"/>
  <testcase classname="Automation.IAQ.Rates.GA.Rates_HO3" name="RunRates_HO3" time="319.756"/>
</testsuite> <!-- Automation.IAQ.Rates.GA.Rates_HO3 -->
