<?xml version="1.0" encoding="UTF-8"?>
<!-- Generated by org.testng.reporters.JUnitReportReporter -->
<testsuite hostname="BWCDPH2" failures="0" tests="1" name="Automation.Claims.Claims_Run" time="6.877" errors="0" timestamp="17 Apr 2018 18:43:16 GMT" skipped="0">
  <testcase classname="Automation.Claims.Claims_Run" name="RunClaims" time="6.877"/>
</testsuite> <!-- Automation.Claims.Claims_Run -->
